Determining if the pthread_create exist failed with the following output:
Change Dir: /home/taotao/Documents/capture_screen/build/CMakeFiles/CMakeTmp

Run Build Command:"/usr/bin/make" "cmTC_11222/fast"
/usr/bin/make -f CMakeFiles/cmTC_11222.dir/build.make CMakeFiles/cmTC_11222.dir/build
make[1]: Entering directory '/home/taotao/Documents/capture_screen/build/CMakeFiles/CMakeTmp'
Building C object CMakeFiles/cmTC_11222.dir/CheckSymbolExists.c.o
/usr/bin/cc   -fPIC    -o CMakeFiles/cmTC_11222.dir/CheckSymbolExists.c.o   -c /home/taotao/Documents/capture_screen/build/CMakeFiles/CMakeTmp/CheckSymbolExists.c
Linking C executable cmTC_11222
/usr/bin/cmake -E cmake_link_script CMakeFiles/cmTC_11222.dir/link.txt --verbose=1
/usr/bin/cc -fPIC     -rdynamic CMakeFiles/cmTC_11222.dir/CheckSymbolExists.c.o  -o cmTC_11222 
CMakeFiles/cmTC_11222.dir/CheckSymbolExists.c.o: In function `main':
CheckSymbolExists.c:(.text+0x1b): undefined reference to `pthread_create'
collect2: error: ld returned 1 exit status
CMakeFiles/cmTC_11222.dir/build.make:97: recipe for target 'cmTC_11222' failed
make[1]: *** [cmTC_11222] Error 1
make[1]: Leaving directory '/home/taotao/Documents/capture_screen/build/CMakeFiles/CMakeTmp'
Makefile:126: recipe for target 'cmTC_11222/fast' failed
make: *** [cmTC_11222/fast] Error 2

File /home/taotao/Documents/capture_screen/build/CMakeFiles/CMakeTmp/CheckSymbolExists.c:
/* */
#include <pthread.h>

int main(int argc, char** argv)
{
  (void)argv;
#ifndef pthread_create
  return ((int*)(&pthread_create))[argc];
#else
  (void)argc;
  return 0;
#endif
}

Determining if the function pthread_create exists in the pthreads failed with the following output:
Change Dir: /home/taotao/Documents/capture_screen/build/CMakeFiles/CMakeTmp

Run Build Command:"/usr/bin/make" "cmTC_b7212/fast"
/usr/bin/make -f CMakeFiles/cmTC_b7212.dir/build.make CMakeFiles/cmTC_b7212.dir/build
make[1]: Entering directory '/home/taotao/Documents/capture_screen/build/CMakeFiles/CMakeTmp'
Building C object CMakeFiles/cmTC_b7212.dir/CheckFunctionExists.c.o
/usr/bin/cc   -fPIC -DCHECK_FUNCTION_EXISTS=pthread_create   -o CMakeFiles/cmTC_b7212.dir/CheckFunctionExists.c.o   -c /usr/share/cmake-3.10/Modules/CheckFunctionExists.c
Linking C executable cmTC_b7212
/usr/bin/cmake -E cmake_link_script CMakeFiles/cmTC_b7212.dir/link.txt --verbose=1
/usr/bin/cc -fPIC -DCHECK_FUNCTION_EXISTS=pthread_create    -rdynamic CMakeFiles/cmTC_b7212.dir/CheckFunctionExists.c.o  -o cmTC_b7212 -lpthreads 
/usr/bin/ld: cannot find -lpthreads
collect2: error: ld returned 1 exit status
CMakeFiles/cmTC_b7212.dir/build.make:97: recipe for target 'cmTC_b7212' failed
make[1]: *** [cmTC_b7212] Error 1
make[1]: Leaving directory '/home/taotao/Documents/capture_screen/build/CMakeFiles/CMakeTmp'
Makefile:126: recipe for target 'cmTC_b7212/fast' failed
make: *** [cmTC_b7212/fast] Error 2


